2016-01-27 23:35:04 ERROR UserIO:66 - JAXB unmarshal readsjavax.xml.bind.UnmarshalException
 - with linked exception:

2016-01-29 02:16:59 INFO  Model:102 - server start
2016-01-29 02:16:59 INFO  ControllerServer:42 - Binding to port 1025, please wait  ...
2016-01-29 02:16:59 INFO  ControllerServer:49 - Server started: 
2016-01-29 02:16:59 INFO  ControllerServer:51 - Waiting a client... 
2016-01-29 02:17:13 INFO  Model:102 - server start
2016-01-29 02:17:14 INFO  ControllerServer:42 - Binding to port 1025, please wait  ...
2016-01-29 02:17:16 INFO  ControllerServer:49 - Server started: 
2016-01-29 02:17:17 INFO  ControllerServer:51 - Waiting a client... 
2016-01-29 02:54:07 ERROR UserIO:66 - JAXB unmarshal readsjavax.xml.bind.UnmarshalException
 - with linked exception:
[java.io.FileNotFoundException: D:\Netckrecker\Lab2_Messenger\listUser.txt (Не удается найти указанный файл)]
2016-01-29 02:54:29 INFO  ControllerServer:38 - Binding to port 1025, please wait  ...
2016-01-29 02:54:30 INFO  ControllerServer:41 - Server started: 
2016-01-29 02:54:31 INFO  ControllerServer:43 - Waiting a client... 
2016-01-29 20:55:58 INFO  Model:105 - server start
2016-01-29 20:55:58 INFO  ControllerServer:34 - Binding to port 1025, please wait  ...
2016-01-29 20:55:58 INFO  ControllerServer:37 - Server started: 
2016-01-29 20:55:58 INFO  ControllerServer:39 - Waiting a client... 
2016-01-29 20:58:03 INFO  Model:105 - server start
2016-01-29 20:58:03 INFO  ControllerServer:34 - Binding to port 1025, please wait  ...
2016-01-29 20:58:03 INFO  ControllerServer:37 - Server started: 
2016-01-29 20:58:03 INFO  ControllerServer:39 - Waiting a client... 
2016-01-29 20:58:56 INFO  Model:105 - server start
2016-01-29 20:58:56 INFO  ControllerServer:34 - Binding to port 1025, please wait  ...
2016-01-29 20:58:56 INFO  ControllerServer:37 - Server started: 
2016-01-29 20:58:56 INFO  ControllerServer:39 - Waiting a client... 
2016-01-29 21:00:56 INFO  Model:105 - server start
2016-01-29 21:01:01 INFO  ControllerServer:34 - Binding to port 1025, please wait  ...
2016-01-29 21:01:04 INFO  ControllerServer:37 - Server started: 
2016-01-29 21:01:08 INFO  ControllerServer:39 - Waiting a client... 
2016-01-29 21:01:32 INFO  Model:105 - server start
2016-01-29 21:01:32 INFO  ControllerServer:34 - Binding to port 1025, please wait  ...
2016-01-29 21:01:32 INFO  ControllerServer:37 - Server started: 
2016-01-29 21:01:32 INFO  ControllerServer:39 - Waiting a client... 
2016-01-29 21:01:32 INFO  UserIO:48 - write in file success
2016-01-29 21:01:32 INFO  Model:79 - user add success
2016-01-29 21:01:32 INFO  ControllerServer:82 - Authentication is successful. New user  created.
2016-01-29 21:01:33 INFO  ControllerServer:68 - Authentication is successful.
2016-01-29 21:01:33 DEBUG ControllerServer:69 - Authentications user isfs
2016-01-29 21:01:33 INFO  ControllerServer:68 - Authentication is successful.
2016-01-29 21:01:33 DEBUG ControllerServer:69 - Authentications user isfs
2016-01-29 21:01:33 INFO  ControllerServer:68 - Authentication is successful.
2016-01-29 21:01:33 DEBUG ControllerServer:69 - Authentications user isfs
2016-01-29 21:01:33 INFO  ControllerServer:68 - Authentication is successful.
2016-01-29 21:01:33 DEBUG ControllerServer:69 - Authentications user isfs
2016-01-29 21:01:33 INFO  ControllerServer:68 - Authentication is successful.
2016-01-29 21:01:33 DEBUG ControllerServer:69 - Authentications user isfs
2016-01-29 21:01:33 INFO  ControllerServer:68 - Authentication is successful.
2016-01-29 21:01:33 DEBUG ControllerServer:69 - Authentications user isfs
2016-01-29 21:01:33 INFO  ControllerServer:68 - Authentication is successful.
2016-01-29 21:01:33 DEBUG ControllerServer:69 - Authentications user isfs
2016-01-29 21:01:33 INFO  ControllerServer:68 - Authentication is successful.
2016-01-29 21:01:33 DEBUG ControllerServer:69 - Authentications user isfs
2016-01-29 21:01:33 INFO  ControllerServer:68 - Authentication is successful.
2016-01-29 21:01:33 DEBUG ControllerServer:69 - Authentications user isfs
2016-01-29 21:01:33 INFO  ControllerServer:68 - Authentication is successful.
2016-01-29 21:01:33 DEBUG ControllerServer:69 - Authentications user isfs
2016-01-29 21:01:33 INFO  ControllerServer:68 - Authentication is successful.
2016-01-29 21:01:33 DEBUG ControllerServer:69 - Authentications user isfs
2016-01-29 21:01:33 INFO  ControllerServer:68 - Authentication is successful.
2016-01-29 21:01:33 DEBUG ControllerServer:69 - Authentications user isfs
2016-01-29 21:01:33 INFO  ControllerServer:68 - Authentication is successful.
2016-01-29 21:01:33 DEBUG ControllerServer:69 - Authentications user isfs
2016-01-29 21:01:33 INFO  ControllerServer:68 - Authentication is successful.
2016-01-29 21:01:33 DEBUG ControllerServer:69 - Authentications user isfs
2016-01-29 21:01:33 INFO  ControllerServer:68 - Authentication is successful.
2016-01-29 21:01:33 DEBUG ControllerServer:69 - Authentications user isfs
2016-01-29 21:01:33 INFO  ControllerServer:68 - Authentication is successful.
2016-01-29 21:01:33 DEBUG ControllerServer:69 - Authentications user isfs
2016-01-29 21:01:33 INFO  ControllerServer:68 - Authentication is successful.
2016-01-29 21:01:33 DEBUG ControllerServer:69 - Authentications user isfs
2016-01-29 21:01:33 INFO  ControllerServer:68 - Authentication is successful.
2016-01-29 21:01:33 DEBUG ControllerServer:69 - Authentications user isfs
2016-01-29 21:01:33 INFO  ControllerServer:68 - Authentication is successful.
2016-01-29 21:01:33 DEBUG ControllerServer:69 - Authentications user isfs
2016-01-29 21:01:33 INFO  ControllerServer:68 - Authentication is successful.
2016-01-29 21:01:33 DEBUG ControllerServer:69 - Authentications user isfs
2016-01-29 21:01:33 INFO  ControllerServer:68 - Authentication is successful.
2016-01-29 21:01:33 DEBUG ControllerServer:69 - Authentications user isfs
2016-01-29 21:01:33 INFO  ControllerServer:68 - Authentication is successful.
2016-01-29 21:01:33 DEBUG ControllerServer:69 - Authentications user isfs
2016-01-29 21:01:33 INFO  ControllerServer:68 - Authentication is successful.
2016-01-29 21:01:33 DEBUG ControllerServer:69 - Authentications user isfs
2016-01-29 21:01:33 INFO  ControllerServer:68 - Authentication is successful.
2016-01-29 21:01:33 DEBUG ControllerServer:69 - Authentications user isfs
2016-01-29 21:01:33 INFO  ControllerServer:68 - Authentication is successful.
2016-01-29 21:01:33 DEBUG ControllerServer:69 - Authentications user isfs
2016-01-29 21:01:33 INFO  ControllerServer:68 - Authentication is successful.
2016-01-29 21:01:33 DEBUG ControllerServer:69 - Authentications user isfs
2016-01-29 21:01:33 INFO  ControllerServer:68 - Authentication is successful.
2016-01-29 21:01:33 DEBUG ControllerServer:69 - Authentications user isfs
2016-01-29 21:01:33 INFO  ControllerServer:68 - Authentication is successful.
2016-01-29 21:01:33 DEBUG ControllerServer:69 - Authentications user isfs
2016-01-29 21:01:33 INFO  ControllerServer:68 - Authentication is successful.
2016-01-29 21:01:33 DEBUG ControllerServer:69 - Authentications user isfs
2016-01-29 21:01:33 INFO  ControllerServer:68 - Authentication is successful.
2016-01-29 21:01:33 DEBUG ControllerServer:69 - Authentications user isfs
2016-01-29 21:01:33 INFO  ControllerServer:68 - Authentication is successful.
2016-01-29 21:01:33 DEBUG ControllerServer:69 - Authentications user isfs
2016-01-29 21:01:33 INFO  ControllerServer:68 - Authentication is successful.
2016-01-29 21:01:33 DEBUG ControllerServer:69 - Authentications user isfs
2016-01-29 21:01:33 INFO  ControllerServer:68 - Authentication is successful.
2016-01-29 21:01:33 DEBUG ControllerServer:69 - Authentications user isfs
2016-01-29 21:01:33 INFO  ControllerServer:68 - Authentication is successful.
2016-01-29 21:01:33 DEBUG ControllerServer:69 - Authentications user isfs
2016-01-29 21:01:33 INFO  ControllerServer:68 - Authentication is successful.
2016-01-29 21:01:33 DEBUG ControllerServer:69 - Authentications user isfs
2016-01-29 21:01:33 INFO  ControllerServer:68 - Authentication is successful.
2016-01-29 21:01:33 DEBUG ControllerServer:69 - Authentications user isfs
2016-01-29 21:01:33 INFO  ControllerServer:68 - Authentication is successful.
2016-01-29 21:01:33 DEBUG ControllerServer:69 - Authentications user isfs
2016-01-29 21:01:33 INFO  ControllerServer:68 - Authentication is successful.
2016-01-29 21:01:33 DEBUG ControllerServer:69 - Authentications user isfs
2016-01-29 21:01:33 INFO  ControllerServer:68 - Authentication is successful.
2016-01-29 21:01:33 DEBUG ControllerServer:69 - Authentications user isfs
2016-01-29 21:01:33 INFO  ControllerServer:68 - Authentication is successful.
2016-01-29 21:01:33 DEBUG ControllerServer:69 - Authentications user isfs
2016-01-29 21:01:33 INFO  ControllerServer:68 - Authentication is successful.
2016-01-29 21:01:33 DEBUG ControllerServer:69 - Authentications user isfs
2016-01-29 21:01:33 INFO  ControllerServer:68 - Authentication is successful.
2016-01-29 21:01:33 DEBUG ControllerServer:69 - Authentications user isfs
2016-01-29 21:01:33 INFO  ControllerServer:68 - Authentication is successful.
2016-01-29 21:01:33 DEBUG ControllerServer:69 - Authentications user isfs
2016-01-29 21:01:33 INFO  ControllerServer:68 - Authentication is successful.
2016-01-29 21:01:33 DEBUG ControllerServer:69 - Authentications user isfs
2016-01-29 21:01:33 INFO  ControllerServer:68 - Authentication is successful.
2016-01-29 21:01:33 DEBUG ControllerServer:69 - Authentications user isfs
2016-01-29 21:01:33 INFO  ControllerServer:68 - Authentication is successful.
2016-01-29 21:01:33 DEBUG ControllerServer:69 - Authentications user isfs
2016-01-29 21:01:33 INFO  ControllerServer:68 - Authentication is successful.
2016-01-29 21:01:33 DEBUG ControllerServer:69 - Authentications user isfs
2016-01-29 21:01:33 INFO  ControllerServer:68 - Authentication is successful.
2016-01-29 21:01:33 DEBUG ControllerServer:69 - Authentications user isfs
2016-01-29 21:01:33 INFO  ControllerServer:68 - Authentication is successful.
2016-01-29 21:01:33 DEBUG ControllerServer:69 - Authentications user isfs
2016-01-29 21:23:31 INFO  UserIO:66 - read from file success
2016-01-29 21:23:31 INFO  Model:105 - server start
2016-01-29 21:23:31 INFO  ControllerServer:34 - Binding to port 1025, please wait  ...
2016-01-29 21:23:31 INFO  ControllerServer:37 - Server started: 
2016-01-29 21:23:31 INFO  ControllerServer:39 - Waiting a client... 
2016-01-29 21:25:20 INFO  UserIO:66 - read from file success
2016-01-29 21:25:20 INFO  Model:105 - server start
2016-01-29 21:25:20 INFO  ControllerServer:34 - Binding to port 1025, please wait  ...
2016-01-29 21:25:20 INFO  ControllerServer:37 - Server started: 
2016-01-29 21:25:20 INFO  ControllerServer:39 - Waiting a client... 
2016-01-29 21:27:16 INFO  UserIO:66 - read from file success
2016-01-29 21:27:16 INFO  Model:105 - server start
2016-01-29 21:27:16 INFO  ControllerServer:34 - Binding to port 1025, please wait  ...
2016-01-29 21:27:16 INFO  ControllerServer:37 - Server started: 
2016-01-29 21:27:16 INFO  ControllerServer:39 - Waiting a client... 
2016-01-29 21:29:15 INFO  UserIO:66 - read from file success
2016-01-29 21:29:15 INFO  Model:105 - server start
2016-01-29 21:29:17 INFO  ControllerServer:34 - Binding to port 1025, please wait  ...
2016-01-29 21:29:18 INFO  ControllerServer:37 - Server started: 
2016-01-29 21:29:19 INFO  ControllerServer:39 - Waiting a client... 
2016-01-29 21:30:38 INFO  UserIO:66 - read from file success
2016-01-29 21:30:38 INFO  Model:105 - server start
2016-01-29 21:30:38 INFO  ControllerServer:34 - Binding to port 1025, please wait  ...
2016-01-29 21:30:38 INFO  ControllerServer:37 - Server started: 
2016-01-29 21:30:38 INFO  ControllerServer:39 - Waiting a client... 
2016-01-29 21:31:01 INFO  UserIO:66 - read from file success
2016-01-29 21:31:01 INFO  Model:105 - server start
2016-01-29 21:31:01 INFO  ControllerServer:34 - Binding to port 1025, please wait  ...
2016-01-29 21:31:01 INFO  ControllerServer:37 - Server started: 
2016-01-29 21:31:01 INFO  ControllerServer:39 - Waiting a client... 
2016-01-29 21:31:33 INFO  UserIO:66 - read from file success
2016-01-29 21:31:33 INFO  Model:105 - server start
2016-01-29 21:31:34 INFO  ControllerServer:34 - Binding to port 1025, please wait  ...
2016-01-29 21:31:35 INFO  ControllerServer:37 - Server started: 
2016-01-29 21:31:35 INFO  ControllerServer:39 - Waiting a client... 
2016-01-29 21:35:22 INFO  UserIO:66 - read from file success
2016-01-29 21:35:22 INFO  Model:105 - server start
2016-01-29 21:35:22 INFO  ControllerServer:40 - Binding to port 1025, please wait  ...
2016-01-29 21:35:22 INFO  ControllerServer:43 - Server started: 
2016-01-29 21:35:22 INFO  ControllerServer:45 - Waiting a client... 
2016-01-29 21:35:54 INFO  UserIO:66 - read from file success
2016-01-29 21:35:54 INFO  Model:105 - server start
2016-01-29 21:35:55 INFO  ControllerServer:40 - Binding to port 1025, please wait  ...
2016-01-29 21:35:56 INFO  ControllerServer:43 - Server started: 
2016-01-29 21:35:57 INFO  ControllerServer:45 - Waiting a client... 
2016-01-29 21:44:53 INFO  UserIO:66 - read from file success
2016-01-29 21:44:53 INFO  Model:105 - server start
2016-01-29 21:44:53 INFO  ControllerServer:40 - Binding to port 1025, please wait  ...
2016-01-29 21:44:54 INFO  ControllerServer:43 - Server started: 
2016-01-29 21:44:54 INFO  ControllerServer:45 - Waiting a client... 
2016-01-29 21:50:03 INFO  UserIO:66 - read from file success
2016-01-29 21:50:03 INFO  Model:105 - server start
2016-01-29 21:50:03 INFO  ControllerServer:40 - Binding to port 1025, please wait  ...
2016-01-29 21:50:03 INFO  ControllerServer:43 - Server started: 
2016-01-29 21:50:03 INFO  ControllerServer:45 - Waiting a client... 
2016-01-29 21:51:30 INFO  UserIO:66 - read from file success
2016-01-29 21:51:30 INFO  Model:105 - server start
2016-01-29 21:51:31 INFO  ControllerServer:40 - Binding to port 1025, please wait  ...
2016-01-29 21:51:32 INFO  ControllerServer:43 - Server started: 
2016-01-29 21:51:33 INFO  ControllerServer:45 - Waiting a client... 
2016-01-29 21:54:50 INFO  UserIO:66 - read from file success
2016-01-29 21:54:50 INFO  Model:105 - server start
2016-01-29 21:54:51 INFO  ControllerServer:40 - Binding to port 1025, please wait  ...
2016-01-29 21:54:52 INFO  ControllerServer:43 - Server started: 
2016-01-29 21:54:52 INFO  ControllerServer:45 - Waiting a client... 
2016-01-29 21:55:14 INFO  UserIO:66 - read from file success
2016-01-29 21:55:14 INFO  Model:105 - server start
2016-01-29 21:55:14 INFO  ControllerServer:40 - Binding to port 1025, please wait  ...
2016-01-29 21:55:15 INFO  ControllerServer:43 - Server started: 
2016-01-29 21:55:16 INFO  ControllerServer:45 - Waiting a client... 
2016-01-29 22:00:19 INFO  UserIO:66 - read from file success
2016-01-29 22:00:19 INFO  Model:105 - server start
2016-01-29 22:00:19 INFO  ControllerServer:40 - Binding to port 1025, please wait  ...
2016-01-29 22:00:20 INFO  ControllerServer:43 - Server started: 
2016-01-29 22:00:20 INFO  ControllerServer:45 - Waiting a client... 
2016-01-29 22:03:12 INFO  UserIO:66 - read from file success
2016-01-29 22:03:12 INFO  Model:105 - server start
2016-01-29 22:03:14 INFO  ControllerServer:40 - Binding to port 1025, please wait  ...
2016-01-29 22:03:16 INFO  ControllerServer:43 - Server started: 
2016-01-29 22:03:17 INFO  ControllerServer:45 - Waiting a client... 
2016-01-29 22:06:53 INFO  UserIO:66 - read from file success
2016-01-29 22:06:53 INFO  Model:105 - server start
2016-01-29 22:06:54 INFO  ControllerServer:40 - Binding to port 1025, please wait  ...
2016-01-29 22:06:54 INFO  ControllerServer:43 - Server started: 
2016-01-29 22:06:54 INFO  ControllerServer:45 - Waiting a client... 
2016-01-29 22:13:56 INFO  UserIO:66 - read from file success
2016-01-29 22:13:56 INFO  Model:105 - server start
2016-01-29 22:13:57 INFO  ControllerServer:40 - Binding to port 1025, please wait  ...
2016-01-29 22:13:58 INFO  ControllerServer:43 - Server started: 
2016-01-29 22:13:58 INFO  ControllerServer:45 - Waiting a client... 
2016-01-29 22:16:07 INFO  UserIO:66 - read from file success
2016-01-29 22:16:07 INFO  Model:105 - server start
2016-01-29 22:16:08 INFO  ControllerServer:40 - Binding to port 1025, please wait  ...
2016-01-29 22:16:09 INFO  ControllerServer:43 - Server started: 
2016-01-29 22:16:10 INFO  ControllerServer:45 - Waiting a client... 
2016-01-29 22:18:13 INFO  UserIO:66 - read from file success
2016-01-29 22:18:13 INFO  Model:105 - server start
2016-01-29 22:18:13 INFO  ControllerServer:40 - Binding to port 1025, please wait  ...
2016-01-29 22:18:13 INFO  ControllerServer:43 - Server started: 
2016-01-29 22:18:13 INFO  ControllerServer:45 - Waiting a client... 
2016-01-29 22:40:28 INFO  UserIO:66 - read from file success
2016-01-29 22:40:28 INFO  Model:105 - server start
2016-01-29 22:40:28 INFO  ControllerServer:40 - Binding to port 1025, please wait  ...
2016-01-29 22:40:28 INFO  ControllerServer:43 - Server started: 
2016-01-29 22:40:28 INFO  ControllerServer:45 - Waiting a client... 
2016-01-29 22:40:50 INFO  UserIO:66 - read from file success
2016-01-29 22:40:50 INFO  Model:105 - server start
2016-01-29 22:40:51 INFO  ControllerServer:40 - Binding to port 1025, please wait  ...
2016-01-29 22:40:51 INFO  ControllerServer:43 - Server started: 
2016-01-29 22:40:52 INFO  ControllerServer:45 - Waiting a client... 
2016-01-29 22:44:47 INFO  UserIO:66 - read from file success
2016-01-29 22:44:47 INFO  Model:105 - server start
2016-01-29 22:44:48 INFO  ControllerServer:40 - Binding to port 1025, please wait  ...
2016-01-29 22:44:48 INFO  ControllerServer:43 - Server started: 
2016-01-29 22:44:49 INFO  ControllerServer:45 - Waiting a client... 
2016-01-29 22:48:15 INFO  UserIO:66 - read from file success
2016-01-29 22:48:15 INFO  Model:105 - server start
2016-01-29 22:48:16 INFO  ControllerServer:40 - Binding to port 1025, please wait  ...
2016-01-29 22:48:16 INFO  ControllerServer:43 - Server started: 
2016-01-29 22:48:17 INFO  ControllerServer:45 - Waiting a client... 
2016-01-29 22:49:37 INFO  UserIO:66 - read from file success
2016-01-29 22:49:37 INFO  Model:105 - server start
2016-01-29 22:49:38 INFO  ControllerServer:40 - Binding to port 1025, please wait  ...
2016-01-29 22:49:38 INFO  ControllerServer:43 - Server started: 
2016-01-29 22:49:38 INFO  ControllerServer:45 - Waiting a client... 
2016-01-29 22:50:59 INFO  UserIO:66 - read from file success
2016-01-29 22:50:59 INFO  Model:105 - server start
2016-01-29 22:50:59 INFO  ControllerServer:40 - Binding to port 1025, please wait  ...
2016-01-29 22:50:59 INFO  ControllerServer:43 - Server started: 
2016-01-29 22:50:59 INFO  ControllerServer:45 - Waiting a client... 
2016-01-29 22:51:48 INFO  UserIO:66 - read from file success
2016-01-29 22:51:48 INFO  Model:105 - server start
2016-01-29 22:51:48 INFO  ControllerServer:40 - Binding to port 1025, please wait  ...
2016-01-29 22:51:48 INFO  ControllerServer:43 - Server started: 
2016-01-29 22:51:48 INFO  ControllerServer:45 - Waiting a client... 
2016-01-29 22:52:48 INFO  UserIO:66 - read from file success
2016-01-29 22:52:48 INFO  Model:105 - server start
2016-01-29 22:52:48 INFO  ControllerServer:40 - Binding to port 1025, please wait  ...
2016-01-29 22:52:49 INFO  ControllerServer:43 - Server started: 
2016-01-29 22:52:50 INFO  ControllerServer:45 - Waiting a client... 
2016-01-29 22:54:10 INFO  UserIO:66 - read from file success
2016-01-29 22:54:10 INFO  Model:105 - server start
2016-01-29 22:54:11 INFO  ControllerServer:40 - Binding to port 1025, please wait  ...
2016-01-29 22:54:12 INFO  ControllerServer:43 - Server started: 
2016-01-29 22:54:12 INFO  ControllerServer:45 - Waiting a client... 
2016-01-29 22:57:27 INFO  UserIO:66 - read from file success
2016-01-29 22:57:27 INFO  Model:105 - server start
2016-01-29 22:57:27 INFO  ControllerServer:40 - Binding to port 1025, please wait  ...
2016-01-29 22:57:27 INFO  ControllerServer:43 - Server started: 
2016-01-29 22:57:27 INFO  ControllerServer:45 - Waiting a client... 
2016-01-29 22:57:50 INFO  UserIO:66 - read from file success
2016-01-29 22:57:50 INFO  Model:105 - server start
2016-01-29 22:57:50 INFO  ControllerServer:40 - Binding to port 1025, please wait  ...
2016-01-29 22:57:51 INFO  ControllerServer:43 - Server started: 
2016-01-29 22:57:51 INFO  ControllerServer:45 - Waiting a client... 
2016-01-29 22:59:30 INFO  UserIO:66 - read from file success
2016-01-29 22:59:30 INFO  Model:105 - server start
2016-01-29 22:59:30 INFO  ControllerServer:40 - Binding to port 1025, please wait  ...
2016-01-29 22:59:31 INFO  ControllerServer:43 - Server started: 
2016-01-29 22:59:31 INFO  ControllerServer:45 - Waiting a client... 
2016-01-29 23:00:47 INFO  UserIO:66 - read from file success
2016-01-29 23:00:47 INFO  Model:105 - server start
2016-01-29 23:00:47 INFO  ControllerServer:40 - Binding to port 1025, please wait  ...
2016-01-29 23:00:47 INFO  ControllerServer:43 - Server started: 
2016-01-29 23:00:47 INFO  ControllerServer:45 - Waiting a client... 
2016-01-29 23:02:43 INFO  UserIO:66 - read from file success
2016-01-29 23:02:43 INFO  Model:105 - server start
2016-01-29 23:02:43 INFO  ControllerServer:40 - Binding to port 1025, please wait  ...
2016-01-29 23:02:43 INFO  ControllerServer:43 - Server started: 
2016-01-29 23:02:43 INFO  ControllerServer:45 - Waiting a client... 
2016-01-29 23:04:37 INFO  UserIO:66 - read from file success
2016-01-29 23:04:37 INFO  Model:105 - server start
2016-01-29 23:04:37 INFO  ControllerServer:40 - Binding to port 1025, please wait  ...
2016-01-29 23:04:37 INFO  ControllerServer:43 - Server started: 
2016-01-29 23:04:37 INFO  ControllerServer:45 - Waiting a client... 
2016-01-29 23:06:05 INFO  UserIO:66 - read from file success
2016-01-29 23:06:05 INFO  Model:105 - server start
2016-01-29 23:06:05 INFO  ControllerServer:40 - Binding to port 1025, please wait  ...
2016-01-29 23:06:05 INFO  ControllerServer:43 - Server started: 
2016-01-29 23:06:05 INFO  ControllerServer:45 - Waiting a client... 
2016-01-29 23:07:28 INFO  UserIO:66 - read from file success
2016-01-29 23:07:28 INFO  Model:105 - server start
2016-01-29 23:07:28 INFO  ControllerServer:40 - Binding to port 1025, please wait  ...
2016-01-29 23:07:28 INFO  ControllerServer:43 - Server started: 
2016-01-29 23:07:28 INFO  ControllerServer:45 - Waiting a client... 
2016-01-29 23:08:02 INFO  UserIO:66 - read from file success
2016-01-29 23:08:02 INFO  Model:105 - server start
2016-01-29 23:08:03 INFO  ControllerServer:40 - Binding to port 1025, please wait  ...
2016-01-29 23:08:04 INFO  ControllerServer:43 - Server started: 
2016-01-29 23:08:05 INFO  ControllerServer:45 - Waiting a client... 
2016-01-29 23:09:54 INFO  UserIO:66 - read from file success
2016-01-29 23:09:54 INFO  Model:105 - server start
2016-01-29 23:09:54 INFO  ControllerServer:40 - Binding to port 1025, please wait  ...
2016-01-29 23:09:54 INFO  ControllerServer:43 - Server started: 
2016-01-29 23:09:54 INFO  ControllerServer:45 - Waiting a client... 
2016-01-29 23:10:28 INFO  UserIO:66 - read from file success
2016-01-29 23:10:28 INFO  Model:105 - server start
2016-01-29 23:10:28 INFO  ControllerServer:40 - Binding to port 1025, please wait  ...
2016-01-29 23:10:28 INFO  ControllerServer:43 - Server started: 
2016-01-29 23:10:28 INFO  ControllerServer:45 - Waiting a client... 
2016-01-29 23:11:25 INFO  UserIO:66 - read from file success
2016-01-29 23:11:25 INFO  Model:105 - server start
2016-01-29 23:11:25 INFO  ControllerServer:40 - Binding to port 1025, please wait  ...
2016-01-29 23:11:25 INFO  ControllerServer:43 - Server started: 
2016-01-29 23:11:25 INFO  ControllerServer:45 - Waiting a client... 
2016-01-29 23:13:00 INFO  UserIO:66 - read from file success
2016-01-29 23:13:00 INFO  Model:105 - server start
2016-01-29 23:13:00 INFO  ControllerServer:40 - Binding to port 1025, please wait  ...
2016-01-29 23:13:00 INFO  ControllerServer:43 - Server started: 
2016-01-29 23:13:00 INFO  ControllerServer:45 - Waiting a client... 
2016-01-29 23:14:05 INFO  UserIO:66 - read from file success
2016-01-29 23:14:05 INFO  Model:105 - server start
2016-01-29 23:14:05 INFO  ControllerServer:40 - Binding to port 1025, please wait  ...
2016-01-29 23:14:05 INFO  ControllerServer:43 - Server started: 
2016-01-29 23:14:05 INFO  ControllerServer:45 - Waiting a client... 
2016-01-29 23:15:23 INFO  UserIO:66 - read from file success
2016-01-29 23:15:23 INFO  Model:105 - server start
2016-01-29 23:15:23 INFO  ControllerServer:40 - Binding to port 1025, please wait  ...
2016-01-29 23:15:23 INFO  ControllerServer:43 - Server started: 
2016-01-29 23:15:23 INFO  ControllerServer:45 - Waiting a client... 
2016-01-29 23:17:41 INFO  UserIO:66 - read from file success
2016-01-29 23:17:41 INFO  Model:105 - server start
2016-01-29 23:17:41 INFO  ControllerServer:40 - Binding to port 1025, please wait  ...
2016-01-29 23:17:41 INFO  ControllerServer:43 - Server started: 
2016-01-29 23:17:41 INFO  ControllerServer:45 - Waiting a client... 
2016-01-30 08:27:22 INFO  UserIO:66 - read from file success
2016-01-30 08:27:22 INFO  Model:105 - server start
2016-01-30 08:27:22 INFO  ControllerServer:40 - Binding to port 1025, please wait  ...
2016-01-30 08:27:23 INFO  ControllerServer:43 - Server started: 
2016-01-30 08:27:24 INFO  ControllerServer:45 - Waiting a client... 
2016-01-30 12:55:57 INFO  UserIO:66 - read from file success
2016-01-30 12:55:57 INFO  Model:105 - server start
2016-01-30 12:55:57 INFO  ControllerServer:40 - Binding to port 1025, please wait  ...
2016-01-30 12:55:58 INFO  ControllerServer:43 - Server started: 
2016-01-30 12:55:58 INFO  ControllerServer:45 - Waiting a client... 
2016-01-30 12:56:42 INFO  UserIO:66 - read from file success
2016-01-30 12:56:42 INFO  Model:105 - server start
2016-01-30 12:56:43 INFO  ControllerServer:40 - Binding to port 1025, please wait  ...
2016-01-30 12:56:43 INFO  ControllerServer:43 - Server started: 
2016-01-30 12:56:44 INFO  ControllerServer:45 - Waiting a client... 
2016-01-30 19:15:57 INFO  UserIO:66 - read from file success
2016-01-30 19:15:57 INFO  Model:105 - server start
2016-01-30 19:15:57 INFO  ControllerServer:40 - Binding to port 1025, please wait  ...
2016-01-30 19:15:57 INFO  ControllerServer:43 - Server started: 
2016-01-30 19:15:57 INFO  ControllerServer:45 - Waiting a client... 
2016-01-30 19:19:28 INFO  UserIO:66 - read from file success
2016-01-30 19:19:28 INFO  Model:105 - server start
2016-01-30 19:19:29 INFO  ControllerServer:40 - Binding to port 1025, please wait  ...
2016-01-30 19:19:31 INFO  ControllerServer:43 - Server started: 
2016-01-30 19:19:32 INFO  ControllerServer:45 - Waiting a client... 
2016-01-30 19:20:12 INFO  UserIO:66 - read from file success
2016-01-30 19:20:12 INFO  Model:105 - server start
2016-01-30 19:20:12 INFO  ControllerServer:40 - Binding to port 1025, please wait  ...
2016-01-30 19:20:12 INFO  ControllerServer:43 - Server started: 
2016-01-30 19:20:12 INFO  ControllerServer:45 - Waiting a client... 
2016-01-30 19:20:39 INFO  UserIO:66 - read from file success
2016-01-30 19:20:39 INFO  Model:105 - server start
2016-01-30 19:20:40 INFO  ControllerServer:40 - Binding to port 1025, please wait  ...
2016-01-30 19:20:41 INFO  ControllerServer:43 - Server started: 
2016-01-30 19:20:41 INFO  ControllerServer:45 - Waiting a client... 
2016-01-30 19:42:24 INFO  UserIO:66 - read from file success
2016-01-30 19:42:24 INFO  Model:105 - server start
2016-01-30 19:42:24 INFO  ControllerServer:40 - Binding to port 1025, please wait  ...
2016-01-30 19:42:24 INFO  ControllerServer:43 - Server started: 
2016-01-30 19:42:24 INFO  ControllerServer:45 - Waiting a client... 
2016-01-30 19:47:07 INFO  UserIO:66 - read from file success
2016-01-30 19:47:07 INFO  Model:105 - server start
2016-01-30 19:47:07 INFO  ControllerServer:40 - Binding to port 1025, please wait  ...
2016-01-30 19:47:07 INFO  ControllerServer:43 - Server started: 
2016-01-30 19:47:07 INFO  ControllerServer:45 - Waiting a client... 
2016-01-30 19:47:25 INFO  UserIO:66 - read from file success
2016-01-30 19:47:25 INFO  Model:105 - server start
2016-01-30 19:47:25 INFO  ControllerServer:40 - Binding to port 1025, please wait  ...
2016-01-30 19:47:25 INFO  ControllerServer:43 - Server started: 
2016-01-30 19:47:25 INFO  ControllerServer:45 - Waiting a client... 
2016-01-30 19:50:43 INFO  UserIO:66 - read from file success
2016-01-30 19:50:43 INFO  Model:105 - server start
2016-01-30 19:50:43 INFO  ControllerServer:40 - Binding to port 1025, please wait  ...
2016-01-30 19:50:43 INFO  ControllerServer:43 - Server started: 
2016-01-30 19:50:43 INFO  ControllerServer:45 - Waiting a client... 
2016-01-30 19:53:30 INFO  UserIO:66 - read from file success
2016-01-30 19:53:30 INFO  Model:105 - server start
2016-01-30 19:53:30 INFO  ControllerServer:41 - Binding to port 1025, please wait  ...
2016-01-30 19:53:30 INFO  ControllerServer:44 - Server started: 
2016-01-30 19:53:30 INFO  ControllerServer:46 - Waiting a client... 
2016-01-30 19:54:15 INFO  UserIO:66 - read from file success
2016-01-30 19:54:15 INFO  Model:105 - server start
2016-01-30 19:54:15 INFO  ControllerServer:41 - Binding to port 1025, please wait  ...
2016-01-30 19:54:16 INFO  ControllerServer:44 - Server started: 
2016-01-30 19:54:17 INFO  ControllerServer:46 - Waiting a client... 
2016-01-30 19:56:22 INFO  UserIO:66 - read from file success
2016-01-30 19:56:22 INFO  Model:105 - server start
2016-01-30 19:56:22 INFO  ControllerServer:41 - Binding to port 1025, please wait  ...
2016-01-30 19:56:23 INFO  ControllerServer:44 - Server started: 
2016-01-30 19:56:24 INFO  ControllerServer:46 - Waiting a client... 
2016-01-30 19:57:24 INFO  UserIO:66 - read from file success
2016-01-30 19:57:24 INFO  Model:105 - server start
2016-01-30 19:57:24 INFO  ControllerServer:41 - Binding to port 1025, please wait  ...
2016-01-30 19:57:24 INFO  ControllerServer:44 - Server started: 
2016-01-30 19:57:24 INFO  ControllerServer:46 - Waiting a client... 
2016-01-30 19:58:47 INFO  UserIO:66 - read from file success
2016-01-30 19:58:47 INFO  Model:105 - server start
2016-01-30 19:58:47 INFO  ControllerServer:41 - Binding to port 1025, please wait  ...
2016-01-30 19:58:47 INFO  ControllerServer:44 - Server started: 
2016-01-30 19:58:47 INFO  ControllerServer:46 - Waiting a client... 
2016-01-30 19:59:18 INFO  UserIO:66 - read from file success
2016-01-30 19:59:18 INFO  Model:105 - server start
2016-01-30 19:59:18 INFO  ControllerServer:41 - Binding to port 1025, please wait  ...
2016-01-30 19:59:18 INFO  ControllerServer:44 - Server started: 
2016-01-30 19:59:18 INFO  ControllerServer:46 - Waiting a client... 
2016-01-30 19:59:28 INFO  UserIO:66 - read from file success
2016-01-30 19:59:28 INFO  Model:105 - server start
2016-01-30 19:59:28 INFO  ControllerServer:41 - Binding to port 1025, please wait  ...
2016-01-30 19:59:28 INFO  ControllerServer:44 - Server started: 
2016-01-30 19:59:28 INFO  ControllerServer:46 - Waiting a client... 
2016-01-30 20:03:10 INFO  UserIO:66 - read from file success
2016-01-30 20:03:10 INFO  Model:105 - server start
2016-01-30 20:03:10 INFO  ControllerServer:41 - Binding to port 1025, please wait  ...
2016-01-30 20:03:10 INFO  ControllerServer:44 - Server started: 
2016-01-30 20:03:10 INFO  ControllerServer:46 - Waiting a client... 
2016-01-31 22:33:20 DEBUG XmlMessage:135 - messageIDjava.lang.NullPointerException
2016-01-31 22:34:49 DEBUG XmlMessage:135 - messageIDjava.lang.NullPointerException
2016-01-31 22:56:34 INFO  UserIO:66 - read from file success
2016-01-31 22:56:34 INFO  Model:105 - server start
2016-01-31 22:57:39 INFO  UserIO:66 - read from file success
2016-01-31 22:57:39 INFO  Model:105 - server start
2016-01-31 22:57:46 DEBUG XmlMessage:135 - messageIDjava.lang.NullPointerException
2016-01-31 22:57:48 INFO  UserIO:48 - write in file success
2016-01-31 22:57:48 INFO  Model:79 - user add success
2016-01-31 22:57:48 DEBUG XmlMessage:135 - messageIDjava.lang.NullPointerException
2016-01-31 23:01:23 INFO  UserIO:66 - read from file success
2016-01-31 23:01:23 INFO  Model:105 - server start
2016-01-31 23:01:29 DEBUG XmlMessage:135 - messageIDjava.lang.NullPointerException
2016-01-31 23:02:11 INFO  UserIO:66 - read from file success
2016-01-31 23:02:11 INFO  Model:105 - server start
2016-01-31 23:02:17 DEBUG XmlMessage:135 - messageIDjava.lang.NullPointerException
2016-01-31 23:02:20 DEBUG XmlMessage:135 - messageIDjava.lang.NullPointerException
2016-01-31 23:05:47 INFO  UserIO:66 - read from file success
2016-01-31 23:05:47 INFO  Model:105 - server start
2016-01-31 23:05:54 DEBUG XmlMessage:135 - messageIDjava.lang.NullPointerException
2016-01-31 23:05:54 DEBUG XmlMessage:135 - messageIDjava.lang.NullPointerException
2016-01-31 23:05:54 DEBUG XmlMessage:135 - messageIDjava.lang.NullPointerException
2016-01-31 23:09:35 INFO  UserIO:66 - read from file success
2016-01-31 23:09:35 INFO  Model:105 - server start
2016-01-31 23:10:07 DEBUG XmlMessage:135 - messageIDjava.lang.NullPointerException
2016-01-31 23:10:40 DEBUG XmlMessage:135 - messageIDjava.lang.NullPointerException
2016-01-31 23:11:09 DEBUG XmlMessage:135 - messageIDjava.lang.NullPointerException
2016-01-31 23:12:38 INFO  UserIO:66 - read from file success
2016-01-31 23:12:38 INFO  Model:105 - server start
2016-01-31 23:12:48 DEBUG XmlMessage:135 - messageIDjava.lang.NullPointerException
2016-01-31 23:12:48 DEBUG XmlMessage:135 - messageIDjava.lang.NullPointerException
2016-01-31 23:13:29 DEBUG XmlMessage:135 - messageIDjava.lang.NullPointerException
2016-01-31 23:13:29 DEBUG XmlMessage:135 - messageIDjava.lang.NullPointerException
2016-01-31 23:14:04 INFO  UserIO:66 - read from file success
2016-01-31 23:14:04 INFO  Model:105 - server start
2016-01-31 23:14:14 DEBUG XmlMessage:135 - messageIDjava.lang.NullPointerException
2016-01-31 23:14:14 DEBUG XmlMessage:135 - messageIDjava.lang.NullPointerException
2016-01-31 23:16:17 INFO  UserIO:66 - read from file success
2016-01-31 23:16:17 INFO  Model:105 - server start
2016-01-31 23:16:59 DEBUG XmlMessage:135 - messageIDjava.lang.NullPointerException
2016-01-31 23:18:43 INFO  UserIO:66 - read from file success
2016-01-31 23:18:43 INFO  Model:105 - server start
2016-01-31 23:18:52 DEBUG XmlMessage:135 - messageIDjava.lang.NullPointerException
2016-01-31 23:18:52 DEBUG XmlMessage:135 - messageIDjava.lang.NullPointerException
2016-01-31 23:19:45 INFO  UserIO:66 - read from file success
2016-01-31 23:19:45 INFO  Model:105 - server start
2016-01-31 23:19:53 DEBUG XmlMessage:135 - messageIDjava.lang.NullPointerException
2016-01-31 23:19:54 DEBUG XmlMessage:135 - messageIDjava.lang.NullPointerException
2016-01-31 23:19:54 DEBUG XmlMessage:135 - messageIDjava.lang.NullPointerException
2016-01-31 23:20:41 INFO  UserIO:66 - read from file success
2016-01-31 23:20:41 INFO  Model:105 - server start
2016-01-31 23:20:55 DEBUG XmlMessage:135 - messageIDjava.lang.NullPointerException
2016-01-31 23:20:55 DEBUG XmlMessage:135 - messageIDjava.lang.NullPointerException
2016-01-31 23:20:55 DEBUG XmlMessage:135 - messageIDjava.lang.NullPointerException
2016-01-31 23:22:00 INFO  UserIO:66 - read from file success
2016-01-31 23:22:00 INFO  Model:105 - server start
2016-01-31 23:22:09 DEBUG XmlMessage:135 - messageIDjava.lang.NullPointerException
2016-01-31 23:22:09 DEBUG XmlMessage:135 - messageIDjava.lang.NullPointerException
2016-01-31 23:22:09 DEBUG XmlMessage:135 - messageIDjava.lang.NullPointerException
2016-01-31 23:23:17 INFO  UserIO:66 - read from file success
2016-01-31 23:23:17 INFO  Model:105 - server start
2016-01-31 23:23:50 DEBUG XmlMessage:135 - messageIDjava.lang.NullPointerException
2016-01-31 23:24:19 DEBUG XmlMessage:135 - messageIDjava.lang.NullPointerException
2016-01-31 23:25:52 DEBUG XmlMessage:135 - messageIDjava.lang.NullPointerException
2016-01-31 23:27:26 INFO  UserIO:66 - read from file success
2016-01-31 23:27:26 INFO  Model:105 - server start
2016-01-31 23:30:08 INFO  UserIO:66 - read from file success
2016-01-31 23:30:08 INFO  Model:105 - server start
2016-01-31 23:30:40 INFO  UserIO:66 - read from file success
2016-01-31 23:30:40 INFO  Model:105 - server start
2016-01-31 23:30:48 DEBUG XmlMessage:135 - messageIDjava.lang.NullPointerException
2016-01-31 23:30:48 DEBUG XmlMessage:135 - messageIDjava.lang.NullPointerException
2016-01-31 23:32:04 DEBUG XmlMessage:135 - messageIDjava.lang.NullPointerException
2016-01-31 23:32:04 DEBUG XmlMessage:135 - messageIDjava.lang.NullPointerException
2016-01-31 23:33:07 INFO  UserIO:66 - read from file success
2016-01-31 23:33:07 INFO  Model:105 - server start
2016-01-31 23:33:39 DEBUG XmlMessage:135 - messageIDjava.lang.NullPointerException
2016-01-31 23:35:10 INFO  UserIO:66 - read from file success
2016-01-31 23:35:10 INFO  Model:105 - server start
2016-01-31 23:35:18 INFO  UserIO:66 - read from file success
2016-01-31 23:35:18 INFO  Model:105 - server start
2016-01-31 23:35:26 DEBUG XmlMessage:135 - messageIDjava.lang.NullPointerException
2016-01-31 23:35:26 DEBUG XmlMessage:135 - messageIDjava.lang.NullPointerException
2016-01-31 23:35:26 DEBUG XmlMessage:135 - messageIDjava.lang.NullPointerException
2016-01-31 23:35:26 DEBUG XmlMessage:135 - messageIDjava.lang.NullPointerException
2016-01-31 23:37:17 DEBUG XmlMessage:135 - messageIDjava.lang.NullPointerException
2016-01-31 23:37:17 DEBUG XmlMessage:135 - messageIDjava.lang.NullPointerException
2016-01-31 23:37:17 DEBUG XmlMessage:135 - messageIDjava.lang.NullPointerException
2016-01-31 23:37:17 DEBUG XmlMessage:135 - messageIDjava.lang.NullPointerException
2016-01-31 23:37:49 INFO  UserIO:66 - read from file success
2016-01-31 23:37:49 INFO  Model:105 - server start
2016-01-31 23:37:57 DEBUG XmlMessage:135 - messageIDjava.lang.NullPointerException
2016-01-31 23:37:57 DEBUG XmlMessage:135 - messageIDjava.lang.NullPointerException
2016-01-31 23:37:57 DEBUG XmlMessage:135 - messageIDjava.lang.NullPointerException
2016-01-31 23:37:57 DEBUG XmlMessage:135 - messageIDjava.lang.NullPointerException
2016-01-31 23:40:18 INFO  UserIO:66 - read from file success
2016-01-31 23:40:18 INFO  Model:105 - server start
2016-01-31 23:40:26 DEBUG XmlMessage:135 - messageIDjava.lang.NullPointerException
2016-01-31 23:40:26 DEBUG XmlMessage:135 - messageIDjava.lang.NullPointerException
2016-01-31 23:40:26 DEBUG XmlMessage:135 - messageIDjava.lang.NullPointerException
2016-01-31 23:40:26 DEBUG XmlMessage:135 - messageIDjava.lang.NullPointerException
2016-01-31 23:42:28 INFO  UserIO:66 - read from file success
2016-01-31 23:42:28 INFO  Model:105 - server start
2016-01-31 23:42:41 DEBUG XmlMessage:135 - messageIDjava.lang.NullPointerException
2016-01-31 23:42:41 DEBUG XmlMessage:135 - messageIDjava.lang.NullPointerException
2016-01-31 23:42:41 DEBUG XmlMessage:135 - messageIDjava.lang.NullPointerException
2016-01-31 23:42:41 DEBUG XmlMessage:135 - messageIDjava.lang.NullPointerException
2016-01-31 23:44:24 INFO  UserIO:66 - read from file success
2016-01-31 23:44:24 INFO  Model:105 - server start
2016-01-31 23:44:33 DEBUG XmlMessage:135 - messageIDjava.lang.NullPointerException
2016-01-31 23:44:33 DEBUG XmlMessage:135 - messageIDjava.lang.NullPointerException
2016-01-31 23:44:33 DEBUG XmlMessage:135 - messageIDjava.lang.NullPointerException
2016-01-31 23:44:33 DEBUG XmlMessage:135 - messageIDjava.lang.NullPointerException
2016-01-31 23:45:40 INFO  UserIO:66 - read from file success
2016-01-31 23:45:40 INFO  Model:105 - server start
2016-01-31 23:45:49 DEBUG XmlMessage:135 - messageIDjava.lang.NullPointerException
2016-01-31 23:45:49 DEBUG XmlMessage:135 - messageIDjava.lang.NullPointerException
2016-01-31 23:45:49 DEBUG XmlMessage:135 - messageIDjava.lang.NullPointerException
2016-01-31 23:45:49 DEBUG XmlMessage:135 - messageIDjava.lang.NullPointerException
2016-01-31 23:46:25 INFO  UserIO:66 - read from file success
2016-01-31 23:46:25 INFO  Model:105 - server start
2016-01-31 23:46:34 DEBUG XmlMessage:135 - messageIDjava.lang.NullPointerException
2016-01-31 23:46:34 DEBUG XmlMessage:135 - messageIDjava.lang.NullPointerException
2016-01-31 23:46:34 DEBUG XmlMessage:135 - messageIDjava.lang.NullPointerException
2016-01-31 23:46:34 DEBUG XmlMessage:135 - messageIDjava.lang.NullPointerException
2016-01-31 23:47:26 INFO  UserIO:66 - read from file success
2016-01-31 23:47:26 INFO  Model:105 - server start
2016-01-31 23:47:35 DEBUG XmlMessage:135 - messageIDjava.lang.NullPointerException
2016-01-31 23:47:35 DEBUG XmlMessage:135 - messageIDjava.lang.NullPointerException
2016-01-31 23:47:35 DEBUG XmlMessage:135 - messageIDjava.lang.NullPointerException
2016-01-31 23:47:35 DEBUG XmlMessage:135 - messageIDjava.lang.NullPointerException
2016-01-31 23:48:21 INFO  UserIO:66 - read from file success
2016-01-31 23:48:21 INFO  Model:105 - server start
2016-01-31 23:49:29 DEBUG XmlMessage:135 - messageIDjava.lang.NullPointerException
2016-01-31 23:50:29 INFO  UserIO:66 - read from file success
2016-01-31 23:50:29 INFO  Model:105 - server start
2016-01-31 23:51:09 DEBUG XmlMessage:135 - messageIDjava.lang.NullPointerException
2016-01-31 23:51:09 DEBUG XmlMessage:135 - messageIDjava.lang.NullPointerException
2016-01-31 23:56:38 DEBUG XmlMessage:135 - messageIDjava.lang.NullPointerException
2016-02-01 00:02:29 INFO  UserIO:66 - read from file success
2016-02-01 00:02:29 INFO  Model:105 - server start
2016-02-01 00:02:38 DEBUG XmlMessage:135 - messageIDjava.lang.NullPointerException
2016-02-01 00:02:38 DEBUG XmlMessage:135 - messageIDjava.lang.NullPointerException
2016-02-01 00:02:38 DEBUG XmlMessage:135 - messageIDjava.lang.NullPointerException
2016-02-01 00:02:38 DEBUG XmlMessage:135 - messageIDjava.lang.NullPointerException
2016-02-01 00:03:14 INFO  UserIO:66 - read from file success
2016-02-01 00:03:14 INFO  Model:105 - server start
2016-02-01 00:04:22 DEBUG XmlMessage:135 - messageIDjava.lang.NullPointerException
2016-02-01 00:04:22 DEBUG XmlMessage:135 - messageIDjava.lang.NullPointerException
2016-02-01 00:07:46 INFO  UserIO:66 - read from file success
2016-02-01 00:07:46 INFO  Model:105 - server start
2016-02-01 00:07:54 DEBUG XmlMessage:135 - messageIDjava.lang.NullPointerException
2016-02-01 00:07:55 DEBUG XmlMessage:135 - messageIDjava.lang.NullPointerException
2016-02-01 00:07:55 DEBUG XmlMessage:135 - messageIDjava.lang.NullPointerException
2016-02-01 00:07:55 DEBUG XmlMessage:135 - messageIDjava.lang.NullPointerException
2016-02-01 00:09:41 INFO  UserIO:66 - read from file success
2016-02-01 00:09:41 INFO  Model:105 - server start
2016-02-01 00:09:49 DEBUG XmlMessage:135 - messageIDjava.lang.NullPointerException
2016-02-01 00:09:49 DEBUG XmlMessage:135 - messageIDjava.lang.NullPointerException
2016-02-01 00:09:49 DEBUG XmlMessage:135 - messageIDjava.lang.NullPointerException
2016-02-01 00:09:49 DEBUG XmlMessage:135 - messageIDjava.lang.NullPointerException
2016-02-01 00:11:02 INFO  UserIO:66 - read from file success
2016-02-01 00:11:02 INFO  Model:105 - server start
2016-02-01 00:11:10 DEBUG XmlMessage:135 - messageIDjava.lang.NullPointerException
2016-02-01 00:11:10 DEBUG XmlMessage:135 - messageIDjava.lang.NullPointerException
2016-02-01 00:11:10 DEBUG XmlMessage:135 - messageIDjava.lang.NullPointerException
2016-02-01 00:11:10 DEBUG XmlMessage:135 - messageIDjava.lang.NullPointerException
2016-02-01 00:33:50 INFO  UserIO:66 - read from file success
2016-02-01 00:33:50 INFO  Model:105 - server start
2016-02-01 00:33:59 DEBUG XmlMessage:135 - messageIDjava.lang.NullPointerException
2016-02-01 00:33:59 DEBUG XmlMessage:135 - messageIDjava.lang.NullPointerException
2016-02-01 00:33:59 DEBUG XmlMessage:135 - messageIDjava.lang.NullPointerException
2016-02-01 00:33:59 DEBUG XmlMessage:135 - messageIDjava.lang.NullPointerException
2016-02-01 00:36:37 INFO  UserIO:66 - read from file success
2016-02-01 00:36:37 INFO  Model:105 - server start
2016-02-01 00:36:45 DEBUG XmlMessage:135 - messageIDjava.lang.NullPointerException
2016-02-01 00:36:46 DEBUG XmlMessage:135 - messageIDjava.lang.NullPointerException
2016-02-01 00:36:46 DEBUG XmlMessage:135 - messageIDjava.lang.NullPointerException
2016-02-01 00:36:46 DEBUG XmlMessage:135 - messageIDjava.lang.NullPointerException
2016-02-01 00:39:38 INFO  UserIO:66 - read from file success
2016-02-01 00:39:38 INFO  Model:105 - server start
2016-02-01 00:39:47 DEBUG XmlMessage:135 - messageIDjava.lang.NullPointerException
2016-02-01 00:39:47 DEBUG XmlMessage:135 - messageIDjava.lang.NullPointerException
2016-02-01 00:39:47 DEBUG XmlMessage:135 - messageIDjava.lang.NullPointerException
2016-02-01 00:39:47 DEBUG XmlMessage:135 - messageIDjava.lang.NullPointerException
2016-02-01 00:40:30 DEBUG XmlMessage:135 - messageIDjava.lang.NullPointerException
2016-02-01 00:43:18 INFO  UserIO:66 - read from file success
2016-02-01 00:43:18 INFO  Model:105 - server start
2016-02-01 00:43:27 DEBUG XmlMessage:135 - messageIDjava.lang.NullPointerException
2016-02-01 00:43:59 INFO  UserIO:66 - read from file success
2016-02-01 00:43:59 INFO  Model:105 - server start
2016-02-01 00:46:25 INFO  UserIO:66 - read from file success
2016-02-01 00:46:25 INFO  Model:105 - server start
2016-02-01 00:47:10 INFO  UserIO:66 - read from file success
2016-02-01 00:47:10 INFO  Model:105 - server start
2016-02-01 00:48:14 INFO  UserIO:66 - read from file success
2016-02-01 00:48:14 INFO  Model:105 - server start
2016-02-01 00:50:34 INFO  UserIO:66 - read from file success
2016-02-01 00:50:34 INFO  Model:105 - server start
2016-02-01 00:50:42 DEBUG XmlMessage:135 - messageIDjava.lang.NullPointerException
2016-02-01 00:50:42 DEBUG XmlMessage:135 - messageIDjava.lang.NullPointerException
2016-02-01 00:50:42 DEBUG XmlMessage:135 - messageIDjava.lang.NullPointerException
2016-02-01 00:50:42 DEBUG XmlMessage:135 - messageIDjava.lang.NullPointerException
2016-02-01 00:51:40 INFO  UserIO:66 - read from file success
2016-02-01 00:51:40 INFO  Model:105 - server start
2016-02-01 00:51:48 DEBUG XmlMessage:135 - messageIDjava.lang.NullPointerException
2016-02-01 00:51:48 DEBUG XmlMessage:135 - messageIDjava.lang.NullPointerException
2016-02-01 00:51:48 DEBUG XmlMessage:135 - messageIDjava.lang.NullPointerException
2016-02-01 00:51:48 DEBUG XmlMessage:135 - messageIDjava.lang.NullPointerException
2016-02-01 00:53:51 INFO  UserIO:66 - read from file success
2016-02-01 00:53:51 INFO  Model:105 - server start
2016-02-01 00:56:17 INFO  UserIO:66 - read from file success
2016-02-01 00:56:17 INFO  Model:105 - server start
2016-02-01 00:56:28 DEBUG XmlMessage:135 - messageIDjava.lang.NullPointerException
2016-02-01 00:56:28 DEBUG XmlMessage:135 - messageIDjava.lang.NullPointerException
2016-02-01 00:56:28 DEBUG XmlMessage:135 - messageIDjava.lang.NullPointerException
2016-02-01 00:56:28 DEBUG XmlMessage:135 - messageIDjava.lang.NullPointerException
2016-02-01 01:00:07 INFO  UserIO:66 - read from file success
2016-02-01 01:00:07 INFO  Model:105 - server start
2016-02-01 01:00:16 DEBUG XmlMessage:135 - messageIDjava.lang.NullPointerException
2016-02-01 01:01:20 INFO  UserIO:66 - read from file success
2016-02-01 01:01:20 INFO  Model:105 - server start
2016-02-01 01:01:29 DEBUG XmlMessage:135 - messageIDjava.lang.NullPointerException
2016-02-01 01:01:29 DEBUG XmlMessage:135 - messageIDjava.lang.NullPointerException
2016-02-01 01:01:29 DEBUG XmlMessage:135 - messageIDjava.lang.NullPointerException
2016-02-01 01:01:29 DEBUG XmlMessage:135 - messageIDjava.lang.NullPointerException
2016-02-01 01:02:24 INFO  UserIO:66 - read from file success
2016-02-01 01:02:24 INFO  Model:105 - server start
2016-02-01 01:02:44 DEBUG XmlMessage:135 - messageIDjava.lang.NullPointerException
2016-02-01 01:02:44 DEBUG XmlMessage:135 - messageIDjava.lang.NullPointerException
2016-02-01 01:02:44 DEBUG XmlMessage:135 - messageIDjava.lang.NullPointerException
2016-02-01 01:02:44 DEBUG XmlMessage:135 - messageIDjava.lang.NullPointerException
2016-02-01 01:03:24 INFO  UserIO:66 - read from file success
2016-02-01 01:03:24 INFO  Model:105 - server start
2016-02-01 01:03:33 DEBUG XmlMessage:135 - messageIDjava.lang.NullPointerException
2016-02-01 01:03:33 DEBUG XmlMessage:135 - messageIDjava.lang.NullPointerException
2016-02-01 01:03:33 DEBUG XmlMessage:135 - messageIDjava.lang.NullPointerException
2016-02-01 01:03:33 DEBUG XmlMessage:135 - messageIDjava.lang.NullPointerException
2016-02-01 01:04:14 INFO  UserIO:66 - read from file success
2016-02-01 01:04:14 INFO  Model:105 - server start
2016-02-01 01:04:22 DEBUG XmlMessage:135 - messageIDjava.lang.NullPointerException
2016-02-01 01:04:23 DEBUG XmlMessage:135 - messageIDjava.lang.NullPointerException
2016-02-01 01:04:23 DEBUG XmlMessage:135 - messageIDjava.lang.NullPointerException
2016-02-01 01:04:23 DEBUG XmlMessage:135 - messageIDjava.lang.NullPointerException
2016-02-01 01:04:46 INFO  UserIO:66 - read from file success
2016-02-01 01:04:46 INFO  Model:105 - server start
2016-02-01 01:04:55 DEBUG XmlMessage:135 - messageIDjava.lang.NullPointerException
2016-02-01 01:04:55 DEBUG XmlMessage:135 - messageIDjava.lang.NullPointerException
2016-02-01 01:04:55 DEBUG XmlMessage:135 - messageIDjava.lang.NullPointerException
2016-02-01 01:04:55 DEBUG XmlMessage:135 - messageIDjava.lang.NullPointerException
2016-02-01 01:06:11 INFO  UserIO:66 - read from file success
2016-02-01 01:06:11 INFO  Model:105 - server start
2016-02-01 01:07:54 INFO  UserIO:66 - read from file success
2016-02-01 01:07:54 INFO  Model:105 - server start
2016-02-01 01:08:46 INFO  UserIO:66 - read from file success
2016-02-01 01:08:46 INFO  Model:105 - server start
2016-02-01 01:08:54 DEBUG XmlMessage:135 - messageIDjava.lang.NullPointerException
2016-02-01 01:08:55 DEBUG XmlMessage:135 - messageIDjava.lang.NullPointerException
2016-02-01 01:08:55 DEBUG XmlMessage:135 - messageIDjava.lang.NullPointerException
2016-02-01 01:08:55 DEBUG XmlMessage:135 - messageIDjava.lang.NullPointerException
2016-02-01 01:09:37 INFO  UserIO:66 - read from file success
2016-02-01 01:09:37 INFO  Model:105 - server start
2016-02-01 01:09:54 DEBUG XmlMessage:135 - messageIDjava.lang.NullPointerException
2016-02-01 01:09:54 DEBUG XmlMessage:135 - messageIDjava.lang.NullPointerException
2016-02-01 01:10:29 INFO  UserIO:66 - read from file success
2016-02-01 01:10:29 INFO  Model:105 - server start
2016-02-01 01:10:37 DEBUG XmlMessage:135 - messageIDjava.lang.NullPointerException
2016-02-01 01:10:37 DEBUG XmlMessage:135 - messageIDjava.lang.NullPointerException
2016-02-01 01:12:18 INFO  UserIO:66 - read from file success
2016-02-01 01:12:18 INFO  Model:105 - server start
2016-02-01 01:14:42 INFO  UserIO:66 - read from file success
2016-02-01 01:14:42 INFO  Model:105 - server start
2016-02-01 01:16:56 INFO  UserIO:66 - read from file success
2016-02-01 01:16:56 INFO  Model:105 - server start
2016-02-01 01:18:41 INFO  UserIO:66 - read from file success
2016-02-01 01:18:41 INFO  Model:105 - server start
2016-02-01 01:19:40 INFO  UserIO:66 - read from file success
2016-02-01 01:19:40 INFO  Model:105 - server start
2016-02-01 01:19:47 INFO  UserIO:66 - read from file success
2016-02-01 01:19:47 INFO  Model:105 - server start
2016-02-01 01:21:54 INFO  UserIO:66 - read from file success
2016-02-01 01:21:54 INFO  Model:105 - server start
2016-02-01 01:23:36 INFO  UserIO:66 - read from file success
2016-02-01 01:23:36 INFO  Model:105 - server start
2016-02-01 01:28:02 INFO  UserIO:66 - read from file success
2016-02-01 01:28:02 INFO  Model:105 - server start
2016-02-01 01:29:06 INFO  UserIO:66 - read from file success
2016-02-01 01:29:06 INFO  Model:105 - server start
2016-02-01 01:30:05 INFO  UserIO:66 - read from file success
2016-02-01 01:30:05 INFO  Model:105 - server start
2016-02-01 01:36:08 INFO  UserIO:66 - read from file success
2016-02-01 01:36:08 INFO  Model:105 - server start
2016-02-01 01:42:24 INFO  UserIO:66 - read from file success
2016-02-01 01:42:24 INFO  Model:105 - server start
2016-02-01 01:45:11 INFO  UserIO:66 - read from file success
2016-02-01 01:45:11 INFO  Model:105 - server start
2016-02-01 01:46:39 INFO  UserIO:66 - read from file success
2016-02-01 01:46:39 INFO  Model:105 - server start
2016-02-01 01:47:27 INFO  UserIO:66 - read from file success
2016-02-01 01:47:27 INFO  Model:105 - server start
2016-02-01 01:49:06 INFO  UserIO:66 - read from file success
2016-02-01 01:49:06 INFO  Model:105 - server start
2016-02-01 01:50:15 INFO  UserIO:66 - read from file success
2016-02-01 01:50:15 INFO  Model:105 - server start
2016-02-01 01:50:24 INFO  UserIO:48 - write in file success
2016-02-01 01:50:24 INFO  Model:79 - user add success
2016-02-01 01:52:01 INFO  UserIO:66 - read from file success
2016-02-01 01:52:01 INFO  Model:105 - server start
2016-02-01 01:54:59 INFO  UserIO:66 - read from file success
2016-02-01 01:54:59 INFO  Model:105 - server start
2016-02-01 01:56:25 INFO  UserIO:66 - read from file success
2016-02-01 01:56:25 INFO  Model:105 - server start
2016-02-01 02:59:06 INFO  UserIO:66 - read from file success
2016-02-01 02:59:06 INFO  Model:105 - server start
2016-02-01 02:59:06 INFO  ControllerServer:92 - Building to port 1025, please wait  ...
2016-02-01 02:59:06 INFO  ControllerServer:95 - Server started: 
2016-02-01 02:59:06 INFO  ControllerServer:97 - Waiting a client... 
2016-02-01 02:59:15 DEBUG ControllerServer:101 - Connection from 127.0.0.1
2016-02-01 02:59:15 INFO  ControllerServer:46 - Authentication is successful.
2016-02-01 02:59:15 DEBUG ControllerServer:47 - Authentications user isChez
2016-02-01 02:59:15 DEBUG ControllerServer:101 - Connection from 127.0.0.1
2016-02-01 02:59:15 INFO  ControllerServer:46 - Authentication is successful.
2016-02-01 02:59:15 DEBUG ControllerServer:47 - Authentications user isMike
2016-02-01 02:59:37 INFO  UserIO:66 - read from file success
2016-02-01 02:59:37 INFO  Model:105 - server start
2016-02-01 02:59:37 INFO  ControllerServer:92 - Building to port 1025, please wait  ...
2016-02-01 02:59:37 INFO  ControllerServer:95 - Server started: 
2016-02-01 02:59:37 INFO  ControllerServer:97 - Waiting a client... 
2016-02-01 02:59:46 DEBUG ControllerServer:101 - Connection from 127.0.0.1
2016-02-01 02:59:46 INFO  ControllerServer:46 - Authentication is successful.
2016-02-01 02:59:46 DEBUG ControllerServer:47 - Authentications user isChez
2016-02-01 02:59:46 DEBUG ControllerServer:101 - Connection from 127.0.0.1
2016-02-01 02:59:46 INFO  ControllerServer:46 - Authentication is successful.
2016-02-01 02:59:46 DEBUG ControllerServer:47 - Authentications user isMike
2016-02-03 11:07:54 INFO  UserIO:66 - read from file success
2016-02-03 11:07:54 INFO  Model:105 - server start
2016-02-03 11:07:54 INFO  UserIO:48 - write in file success
2016-02-03 11:07:54 INFO  Model:79 - user add success
2016-02-03 11:07:54 INFO  ControllerServer:110 - Building to port 1025, please wait  ...
2016-02-03 11:07:54 INFO  ControllerServer:113 - Server started: 
2016-02-03 11:07:54 INFO  ControllerServer:115 - Waiting a client... 
2016-02-03 11:08:17 INFO  UserIO:66 - read from file success
2016-02-03 11:08:17 INFO  Model:105 - server start
2016-02-03 11:08:17 INFO  UserIO:48 - write in file success
2016-02-03 11:08:17 INFO  Model:79 - user add success
2016-02-03 11:08:17 INFO  ControllerServer:110 - Building to port 1025, please wait  ...
2016-02-03 11:08:17 INFO  ControllerServer:113 - Server started: 
2016-02-03 11:08:17 INFO  ControllerServer:115 - Waiting a client... 
2016-02-03 11:08:26 DEBUG ControllerServer:119 - Connection from 127.0.0.1
2016-02-03 11:08:26 INFO  ControllerServer:54 - Authentication is successful.
2016-02-03 11:08:26 DEBUG ControllerServer:55 - Authentications user isChez
2016-02-03 13:53:21 INFO  UserIO:66 - read from file success
2016-02-03 13:53:21 INFO  Model:105 - server start
2016-02-03 13:53:22 INFO  UserIO:48 - write in file success
2016-02-03 13:53:22 INFO  Model:79 - user add success
2016-02-03 13:53:22 INFO  ControllerServer:110 - Building to port 1025, please wait  ...
2016-02-03 13:53:22 INFO  ControllerServer:113 - Server started: 
2016-02-03 13:53:22 INFO  ControllerServer:115 - Waiting a client... 
2016-02-03 16:59:06 INFO  UserIO:66 - read from file success
2016-02-03 16:59:06 INFO  Model:105 - server start
2016-02-03 16:59:06 INFO  UserIO:48 - write in file success
2016-02-03 16:59:06 INFO  Model:79 - user add success
2016-02-03 16:59:06 INFO  ControllerServer:110 - Building to port 1025, please wait  ...
2016-02-03 16:59:06 INFO  ControllerServer:113 - Server started: 
2016-02-03 16:59:06 INFO  ControllerServer:115 - Waiting a client... 
2016-02-03 16:59:45 INFO  UserIO:66 - read from file success
2016-02-03 16:59:45 INFO  Model:105 - server start
2016-02-03 16:59:45 INFO  UserIO:48 - write in file success
2016-02-03 16:59:45 INFO  Model:79 - user add success
2016-02-03 16:59:45 INFO  ControllerServer:110 - Building to port 1025, please wait  ...
2016-02-03 16:59:45 INFO  ControllerServer:113 - Server started: 
2016-02-03 16:59:45 INFO  ControllerServer:115 - Waiting a client... 
2016-02-03 17:04:52 INFO  UserIO:66 - read from file success
2016-02-03 17:04:52 INFO  Model:105 - server start
2016-02-03 17:04:52 INFO  UserIO:48 - write in file success
2016-02-03 17:04:52 INFO  Model:79 - user add success
2016-02-03 17:04:52 INFO  ControllerServer:110 - Building to port 1025, please wait  ...
2016-02-03 17:04:52 INFO  ControllerServer:113 - Server started: 
2016-02-03 17:04:52 INFO  ControllerServer:115 - Waiting a client... 
2016-02-03 17:32:44 INFO  UserIO:66 - read from file success
2016-02-03 17:32:44 INFO  Model:105 - server start
2016-02-03 17:32:44 INFO  UserIO:48 - write in file success
2016-02-03 17:32:44 INFO  Model:79 - user add success
2016-02-03 17:32:44 INFO  ControllerServer:110 - Building to port 1025, please wait  ...
2016-02-03 17:32:44 INFO  ControllerServer:113 - Server started: 
2016-02-03 17:32:44 INFO  ControllerServer:115 - Waiting a client... 
2016-02-03 20:32:23 INFO  UserIO:66 - read from file success
2016-02-03 20:32:23 INFO  Model:105 - server start
2016-02-03 20:32:23 INFO  UserIO:48 - write in file success
2016-02-03 20:32:23 INFO  Model:79 - user add success
2016-02-03 20:32:23 INFO  ControllerServer:110 - Building to port 1025, please wait  ...
2016-02-03 20:32:23 INFO  ControllerServer:113 - Server started: 
2016-02-03 20:32:23 INFO  ControllerServer:115 - Waiting a client... 
2016-02-03 20:33:19 INFO  UserIO:66 - read from file success
2016-02-03 20:33:19 INFO  Model:105 - server start
2016-02-03 20:33:19 INFO  UserIO:48 - write in file success
2016-02-03 20:33:19 INFO  Model:79 - user add success
2016-02-03 20:33:19 INFO  ControllerServer:110 - Building to port 1025, please wait  ...
2016-02-03 20:33:19 INFO  ControllerServer:113 - Server started: 
2016-02-03 20:33:19 INFO  ControllerServer:115 - Waiting a client... 
